** Daemonized, any open files are closed.  Look at /home/dale/src/rails/detour/tmp/pids/mongrel.pid and log/mongrel.log for info.
** Starting Mongrel listening at 0.0.0.0:3000
** Starting Rails with development environment...
** Rails loaded.
** Loading any Rails specific GemPlugins
** Signals ready.  TERM => stop.  USR2 => restart.  INT => stop (no restart).
** Rails signals registered.  HUP => reload (without restart).  It might not work well.
** Mongrel 1.1.5 available at 0.0.0.0:3000
** Writing PID file to /home/dale/src/rails/detour/tmp/pids/mongrel.pid
** TERM signal received.
** Daemonized, any open files are closed.  Look at /home/dale/src/rails/detour/tmp/pids/mongrel.pid and log/mongrel.log for info.
** Starting Mongrel listening at 0.0.0.0:3000
** Starting Rails with development environment...
** Daemonized, any open files are closed.  Look at /home/dale/src/rails/detour/tmp/pids/mongrel.pid and log/mongrel.log for info.
** Starting Mongrel listening at 0.0.0.0:3000
/usr/local/lib/ruby/gems/1.8/gems/mongrel-1.1.5/bin/../lib/mongrel/tcphack.rb:12:in `initialize_without_backlog': Address already in use - bind(2) (Errno::EADDRINUSE)
	from /usr/local/lib/ruby/gems/1.8/gems/mongrel-1.1.5/bin/../lib/mongrel/tcphack.rb:12:in `initialize'
	from /usr/local/lib/ruby/gems/1.8/gems/mongrel-1.1.5/bin/../lib/mongrel.rb:93:in `new'
	from /usr/local/lib/ruby/gems/1.8/gems/mongrel-1.1.5/bin/../lib/mongrel.rb:93:in `initialize'
	from /usr/local/lib/ruby/gems/1.8/gems/mongrel-1.1.5/bin/../lib/mongrel/configurator.rb:139:in `new'
	from /usr/local/lib/ruby/gems/1.8/gems/mongrel-1.1.5/bin/../lib/mongrel/configurator.rb:139:in `listener'
	from /usr/local/lib/ruby/gems/1.8/gems/mongrel-1.1.5/bin/mongrel_rails:99:in `cloaker_'
	from /usr/local/lib/ruby/gems/1.8/gems/mongrel-1.1.5/bin/../lib/mongrel/configurator.rb:50:in `call'
	from /usr/local/lib/ruby/gems/1.8/gems/mongrel-1.1.5/bin/../lib/mongrel/configurator.rb:50:in `initialize'
	from /usr/local/lib/ruby/gems/1.8/gems/mongrel-1.1.5/bin/mongrel_rails:84:in `new'
	from /usr/local/lib/ruby/gems/1.8/gems/mongrel-1.1.5/bin/mongrel_rails:84:in `run'
	from /usr/local/lib/ruby/gems/1.8/gems/mongrel-1.1.5/bin/../lib/mongrel/command.rb:212:in `run'
	from /usr/local/lib/ruby/gems/1.8/gems/mongrel-1.1.5/bin/mongrel_rails:281
	from /usr/local/bin/mongrel_rails:19:in `load'
	from /usr/local/bin/mongrel_rails:19
** Rails loaded.
** Loading any Rails specific GemPlugins
** Signals ready.  TERM => stop.  USR2 => restart.  INT => stop (no restart).
** Rails signals registered.  HUP => reload (without restart).  It might not work well.
** Mongrel 1.1.5 available at 0.0.0.0:3000
** Writing PID file to /home/dale/src/rails/detour/tmp/pids/mongrel.pid
** TERM signal received.
** Daemonized, any open files are closed.  Look at /home/dale/src/rails/detour/tmp/pids/mongrel.pid and log/mongrel.log for info.
** Starting Mongrel listening at 0.0.0.0:3000
** Starting Rails with development environment...
** Daemonized, any open files are closed.  Look at /home/dale/src/rails/detour/tmp/pids/mongrel.pid and log/mongrel.log for info.
** Starting Mongrel listening at 0.0.0.0:4000
** Starting Rails with production environment...
** Rails loaded.
** Loading any Rails specific GemPlugins
** Signals ready.  TERM => stop.  USR2 => restart.  INT => stop (no restart).
** Rails signals registered.  HUP => reload (without restart).  It might not work well.
** Mongrel 1.1.5 available at 0.0.0.0:3000
** Writing PID file to /home/dale/src/rails/detour/tmp/pids/mongrel.pid
** Rails loaded.
** Loading any Rails specific GemPlugins
** Signals ready.  TERM => stop.  USR2 => restart.  INT => stop (no restart).
** Rails signals registered.  HUP => reload (without restart).  It might not work well.
** Mongrel 1.1.5 available at 0.0.0.0:4000
** Writing PID file to /home/dale/src/rails/detour/tmp/pids/mongrel.pid
** TERM signal received.
** TERM signal received.
** Daemonized, any open files are closed.  Look at /home/dale/src/rails/detour/tmp/pids/mongrel.pid and log/mongrel.log for info.
** Starting Mongrel listening at 0.0.0.0:3000
** Starting Rails with development environment...
** Rails loaded.
** Loading any Rails specific GemPlugins
** Signals ready.  TERM => stop.  USR2 => restart.  INT => stop (no restart).
** Rails signals registered.  HUP => reload (without restart).  It might not work well.
** Mongrel 1.1.5 available at 0.0.0.0:3000
** Writing PID file to /home/dale/src/rails/detour/tmp/pids/mongrel.pid
** TERM signal received.
** Daemonized, any open files are closed.  Look at /home/dale/src/rails/detour/tmp/pids/mongrel.pid and log/mongrel.log for info.
** Starting Mongrel listening at 0.0.0.0:3000
** Starting Rails with development environment...
** Rails loaded.
** Loading any Rails specific GemPlugins
** Signals ready.  TERM => stop.  USR2 => restart.  INT => stop (no restart).
** Rails signals registered.  HUP => reload (without restart).  It might not work well.
** Mongrel 1.1.5 available at 0.0.0.0:3000
** Writing PID file to /home/dale/src/rails/detour/tmp/pids/mongrel.pid
** TERM signal received.
** Daemonized, any open files are closed.  Look at /home/dale/src/rails/detour/tmp/pids/mongrel.pid and log/mongrel.log for info.
** Starting Mongrel listening at 0.0.0.0:3000
** Starting Rails with development environment...
** Rails loaded.
** Loading any Rails specific GemPlugins
** Signals ready.  TERM => stop.  USR2 => restart.  INT => stop (no restart).
** Rails signals registered.  HUP => reload (without restart).  It might not work well.
** Mongrel 1.1.5 available at 0.0.0.0:3000
** Writing PID file to /home/dale/src/rails/detour/tmp/pids/mongrel.pid
** TERM signal received.
** Daemonized, any open files are closed.  Look at /home/dale/src/rails/detour/tmp/pids/mongrel.pid and log/mongrel.log for info.
** Starting Mongrel listening at 0.0.0.0:3000
** Starting Rails with development environment...
** Rails loaded.
** Loading any Rails specific GemPlugins
** Signals ready.  TERM => stop.  USR2 => restart.  INT => stop (no restart).
** Rails signals registered.  HUP => reload (without restart).  It might not work well.
** Mongrel 1.1.5 available at 0.0.0.0:3000
** Writing PID file to /home/dale/src/rails/detour/tmp/pids/mongrel.pid
** TERM signal received.
** Daemonized, any open files are closed.  Look at /home/dale/src/rails/detour/tmp/pids/mongrel.pid and log/mongrel.log for info.
** Starting Mongrel listening at 0.0.0.0:3000
** Starting Rails with development environment...
** Rails loaded.
** Loading any Rails specific GemPlugins
** Signals ready.  TERM => stop.  USR2 => restart.  INT => stop (no restart).
** Rails signals registered.  HUP => reload (without restart).  It might not work well.
** Mongrel 1.1.5 available at 0.0.0.0:3000
** Writing PID file to /home/dale/src/rails/detour/tmp/pids/mongrel.pid
** TERM signal received.
** Daemonized, any open files are closed.  Look at /home/dale/src/rails/detour/tmp/pids/mongrel.pid and log/mongrel.log for info.
** Starting Mongrel listening at 0.0.0.0:3000
** Starting Rails with development environment...
** Rails loaded.
** Loading any Rails specific GemPlugins
** Signals ready.  TERM => stop.  USR2 => restart.  INT => stop (no restart).
** Rails signals registered.  HUP => reload (without restart).  It might not work well.
** Mongrel 1.1.5 available at 0.0.0.0:3000
** Writing PID file to /home/dale/src/rails/detour/tmp/pids/mongrel.pid
** TERM signal received.
** Daemonized, any open files are closed.  Look at /home/dale/src/rails/detour/tmp/pids/mongrel.pid and log/mongrel.log for info.
** Starting Mongrel listening at 0.0.0.0:3000
** Starting Rails with development environment...
** Rails loaded.
** Loading any Rails specific GemPlugins
** Signals ready.  TERM => stop.  USR2 => restart.  INT => stop (no restart).
** Rails signals registered.  HUP => reload (without restart).  It might not work well.
** Mongrel 1.1.5 available at 0.0.0.0:3000
** Writing PID file to /home/dale/src/rails/detour/tmp/pids/mongrel.pid
** TERM signal received.
** Daemonized, any open files are closed.  Look at /home/dale/src/rails/detour/tmp/pids/mongrel.pid and log/mongrel.log for info.
** Starting Mongrel listening at 0.0.0.0:3000
** Starting Rails with development environment...
** Rails loaded.
** Loading any Rails specific GemPlugins
** Signals ready.  TERM => stop.  USR2 => restart.  INT => stop (no restart).
** Rails signals registered.  HUP => reload (without restart).  It might not work well.
** Mongrel 1.1.5 available at 0.0.0.0:3000
** Writing PID file to /home/dale/src/rails/detour/tmp/pids/mongrel.pid
** Daemonized, any open files are closed.  Look at /home/dale/src/rails/detour/tmp/pids/mongrel.pid and log/mongrel.log for info.
** Starting Mongrel listening at 0.0.0.0:3000
** Starting Rails with development environment...
** Rails loaded.
** Loading any Rails specific GemPlugins
** Signals ready.  TERM => stop.  USR2 => restart.  INT => stop (no restart).
** Rails signals registered.  HUP => reload (without restart).  It might not work well.
** Mongrel 1.1.5 available at 0.0.0.0:3000
** Writing PID file to /home/dale/src/rails/detour/tmp/pids/mongrel.pid
** HUP signal received.
** Reloading Rails...
/usr/local/lib/ruby/gems/1.8/gems/mongrel-1.1.5/bin/../lib/mongrel/rails.rb:98:in `reload!': undefined method `reset_application!' for ActionController::Dispatcher:Class (NoMethodError)
	from /usr/local/lib/ruby/gems/1.8/gems/mongrel-1.1.5/bin/../lib/mongrel/rails.rb:95:in `synchronize'
	from /usr/local/lib/ruby/gems/1.8/gems/mongrel-1.1.5/bin/../lib/mongrel/rails.rb:95:in `reload!'
	from /usr/local/lib/ruby/gems/1.8/gems/mongrel-1.1.5/bin/../lib/mongrel/rails.rb:165:in `reload!'
	from /usr/local/lib/ruby/gems/1.8/gems/mongrel-1.1.5/bin/../lib/mongrel/rails.rb:178:in `setup_rails_signals'
	from /usr/local/lib/ruby/gems/1.8/gems/mongrel-1.1.5/bin/../lib/mongrel/configurator.rb:303:in `call'
	from /usr/local/lib/ruby/gems/1.8/gems/mongrel-1.1.5/bin/../lib/mongrel/configurator.rb:303:in `join'
	from /usr/local/lib/ruby/gems/1.8/gems/mongrel-1.1.5/bin/../lib/mongrel/configurator.rb:303:in `join'
	from /usr/local/lib/ruby/gems/1.8/gems/mongrel-1.1.5/bin/../lib/mongrel/configurator.rb:303:in `each'
	from /usr/local/lib/ruby/gems/1.8/gems/mongrel-1.1.5/bin/../lib/mongrel/configurator.rb:303:in `join'
	from /usr/local/lib/ruby/gems/1.8/gems/mongrel-1.1.5/bin/mongrel_rails:137:in `run'
	from /usr/local/lib/ruby/gems/1.8/gems/mongrel-1.1.5/bin/../lib/mongrel/command.rb:212:in `run'
	from /usr/local/lib/ruby/gems/1.8/gems/mongrel-1.1.5/bin/mongrel_rails:281
	from /usr/local/bin/mongrel_rails:19:in `load'
	from /usr/local/bin/mongrel_rails:19
** Daemonized, any open files are closed.  Look at /home/dale/src/rails/detour/tmp/pids/mongrel.pid and log/mongrel.log for info.
** Starting Mongrel listening at 0.0.0.0:3000
** Starting Rails with development environment...
** Rails loaded.
** Loading any Rails specific GemPlugins
** Signals ready.  TERM => stop.  USR2 => restart.  INT => stop (no restart).
** Rails signals registered.  HUP => reload (without restart).  It might not work well.
** Mongrel 1.1.5 available at 0.0.0.0:3000
** Writing PID file to /home/dale/src/rails/detour/tmp/pids/mongrel.pid
** TERM signal received.
** Daemonized, any open files are closed.  Look at /home/dale/src/rails/detour/tmp/pids/mongrel.pid and log/mongrel.log for info.
** Starting Mongrel listening at 0.0.0.0:3000
** Starting Rails with development environment...
** Rails loaded.
** Loading any Rails specific GemPlugins
** Signals ready.  TERM => stop.  USR2 => restart.  INT => stop (no restart).
** Rails signals registered.  HUP => reload (without restart).  It might not work well.
** Mongrel 1.1.5 available at 0.0.0.0:3000
** Writing PID file to /home/dale/src/rails/detour/tmp/pids/mongrel.pid
** TERM signal received.
** Daemonized, any open files are closed.  Look at /home/dale/src/rails/detour/tmp/pids/mongrel.pid and log/mongrel.log for info.
** Starting Mongrel listening at 0.0.0.0:3000
** Starting Rails with development environment...
** Rails loaded.
** Loading any Rails specific GemPlugins
** Signals ready.  TERM => stop.  USR2 => restart.  INT => stop (no restart).
** Rails signals registered.  HUP => reload (without restart).  It might not work well.
** Mongrel 1.1.5 available at 0.0.0.0:3000
** Writing PID file to /home/dale/src/rails/detour/tmp/pids/mongrel.pid
** Daemonized, any open files are closed.  Look at /home/dale/src/rails/detour/tmp/pids/mongrel.pid and log/mongrel.log for info.
** Starting Mongrel listening at 0.0.0.0:3000
** Starting Rails with development environment...
** Rails loaded.
** Loading any Rails specific GemPlugins
** Signals ready.  TERM => stop.  USR2 => restart.  INT => stop (no restart).
** Rails signals registered.  HUP => reload (without restart).  It might not work well.
** Mongrel 1.1.5 available at 0.0.0.0:3000
** Writing PID file to /home/dale/src/rails/detour/tmp/pids/mongrel.pid
** Daemonized, any open files are closed.  Look at /home/dale/src/rails/detour/tmp/pids/mongrel.pid and log/mongrel.log for info.
** Starting Mongrel listening at 0.0.0.0:3000
** Starting Rails with development environment...
** Rails loaded.
** Loading any Rails specific GemPlugins
** Signals ready.  TERM => stop.  USR2 => restart.  INT => stop (no restart).
** Rails signals registered.  HUP => reload (without restart).  It might not work well.
** Mongrel 1.1.5 available at 0.0.0.0:3000
** Writing PID file to /home/dale/src/rails/detour/tmp/pids/mongrel.pid
** TERM signal received.
** Daemonized, any open files are closed.  Look at /home/dale/src/rails/detour/tmp/pids/mongrel.pid and log/mongrel.log for info.
** Starting Mongrel listening at 0.0.0.0:3000
** Starting Rails with development environment...
** Rails loaded.
** Loading any Rails specific GemPlugins
** Signals ready.  TERM => stop.  USR2 => restart.  INT => stop (no restart).
** Rails signals registered.  HUP => reload (without restart).  It might not work well.
** Mongrel 1.1.5 available at 0.0.0.0:3000
** Writing PID file to /home/dale/src/rails/detour/tmp/pids/mongrel.pid
** TERM signal received.
** Daemonized, any open files are closed.  Look at /home/dale/src/rails/detour/tmp/pids/mongrel.pid and log/mongrel.log for info.
** Starting Mongrel listening at 0.0.0.0:3000
** Starting Rails with development environment...
** Rails loaded.
** Loading any Rails specific GemPlugins
** Signals ready.  TERM => stop.  USR2 => restart.  INT => stop (no restart).
** Rails signals registered.  HUP => reload (without restart).  It might not work well.
** Mongrel 1.1.5 available at 0.0.0.0:3000
** Writing PID file to /home/dale/src/rails/detour/tmp/pids/mongrel.pid
** TERM signal received.
** Daemonized, any open files are closed.  Look at /home/dale/src/rails/detour/tmp/pids/mongrel.pid and log/mongrel.log for info.
** Starting Mongrel listening at 0.0.0.0:3000
** Starting Rails with development environment...
** Rails loaded.
** Loading any Rails specific GemPlugins
** Signals ready.  TERM => stop.  USR2 => restart.  INT => stop (no restart).
** Rails signals registered.  HUP => reload (without restart).  It might not work well.
** Mongrel 1.1.5 available at 0.0.0.0:3000
** Writing PID file to /home/dale/src/rails/detour/tmp/pids/mongrel.pid
** TERM signal received.
** Daemonized, any open files are closed.  Look at /home/dale/src/rails/detour/tmp/pids/mongrel.pid and log/mongrel.log for info.
** Starting Mongrel listening at 0.0.0.0:3000
** Starting Rails with development environment...
** Rails loaded.
** Loading any Rails specific GemPlugins
** Signals ready.  TERM => stop.  USR2 => restart.  INT => stop (no restart).
** Rails signals registered.  HUP => reload (without restart).  It might not work well.
** Mongrel 1.1.5 available at 0.0.0.0:3000
** Writing PID file to /home/dale/src/rails/detour/tmp/pids/mongrel.pid
